# JRE version: Java(TM) SE Runtime Environment (8.0_144-b01) (build 1.8.0_144-b01)
# Java VM: Java HotSpot(TM) 64-Bit Server VM (25.144-b01 mixed mode windows-amd64 compressed oops)
Heap:
 PSYoungGen      total 18432K, used 10963K [0x00000000eb980000, 0x00000000ece00000, 0x0000000100000000)
  eden space 15872K, 69% used [0x00000000eb980000,0x00000000ec434da0,0x00000000ec900000)
  from space 2560K, 0% used [0x00000000ec900000,0x00000000ec900000,0x00000000ecb80000)
  to   space 2560K, 0% used [0x00000000ecb80000,0x00000000ecb80000,0x00000000ece00000)
 ParOldGen       total 32256K, used 616K [0x00000000c2c00000, 0x00000000c4b80000, 0x00000000eb980000)
  object space 32256K, 1% used [0x00000000c2c00000,0x00000000c2c9a158,0x00000000c4b80000)
 Metaspace       used 7785K, capacity 8002K, committed 8192K, reserved 1060864K
  class space    used 918K, capacity 1002K, committed 1024K, reserved 1048576K
GC Heap History (4 events):
Event: 0.452 GC heap before
{Heap before GC invocations=1 (full 0):
 PSYoungGen      total 18432K, used 2541K [0x00000000eb980000, 0x00000000ece00000, 0x0000000100000000)
  eden space 15872K, 16% used [0x00000000eb980000,0x00000000ebbfb4e8,0x00000000ec900000)
  from space 2560K, 0% used [0x00000000ecb80000,0x00000000ecb80000,0x00000000ece00000)
  to   space 2560K, 0% used [0x00000000ec900000,0x00000000ec900000,0x00000000ecb80000)
 ParOldGen       total 42496K, used 0K [0x00000000c2c00000, 0x00000000c5580000, 0x00000000eb980000)
  object space 42496K, 0% used [0x00000000c2c00000,0x00000000c2c00000,0x00000000c5580000)
 Metaspace       used 4840K, capacity 4940K, committed 4992K, reserved 1060864K
  class space    used 549K, capacity 625K, committed 640K, reserved 1048576K
Event: 0.454 GC heap after
Heap after GC invocations=1 (full 0):
 PSYoungGen      total 18432K, used 688K [0x00000000eb980000, 0x00000000ece00000, 0x0000000100000000)
  eden space 15872K, 0% used [0x00000000eb980000,0x00000000eb980000,0x00000000ec900000)
  from space 2560K, 26% used [0x00000000ec900000,0x00000000ec9ac010,0x00000000ecb80000)
  to   space 2560K, 0% used [0x00000000ecb80000,0x00000000ecb80000,0x00000000ece00000)
 ParOldGen       total 42496K, used 8K [0x00000000c2c00000, 0x00000000c5580000, 0x00000000eb980000)
  object space 42496K, 0% used [0x00000000c2c00000,0x00000000c2c02000,0x00000000c5580000)
 Metaspace       used 4840K, capacity 4940K, committed 4992K, reserved 1060864K
  class space    used 549K, capacity 625K, committed 640K, reserved 1048576K
}
Event: 0.454 GC heap before
{Heap before GC invocations=2 (full 1):
 PSYoungGen      total 18432K, used 688K [0x00000000eb980000, 0x00000000ece00000, 0x0000000100000000)
  eden space 15872K, 0% used [0x00000000eb980000,0x00000000eb980000,0x00000000ec900000)
  from space 2560K, 26% used [0x00000000ec900000,0x00000000ec9ac010,0x00000000ecb80000)
  to   space 2560K, 0% used [0x00000000ecb80000,0x00000000ecb80000,0x00000000ece00000)
 ParOldGen       total 42496K, used 8K [0x00000000c2c00000, 0x00000000c5580000, 0x00000000eb980000)
  object space 42496K, 0% used [0x00000000c2c00000,0x00000000c2c02000,0x00000000c5580000)
 Metaspace       used 4840K, capacity 4940K, committed 4992K, reserved 1060864K
  class space    used 549K, capacity 625K, committed 640K, reserved 1048576K
Event: 0.521 GC heap after
Heap after GC invocations=2 (full 1):
 PSYoungGen      total 18432K, used 0K [0x00000000eb980000, 0x00000000ece00000, 0x0000000100000000)
  eden space 15872K, 0% used [0x00000000eb980000,0x00000000eb980000,0x00000000ec900000)
  from space 2560K, 0% used [0x00000000ec900000,0x00000000ec900000,0x00000000ecb80000)
  to   space 2560K, 0% used [0x00000000ecb80000,0x00000000ecb80000,0x00000000ece00000)
 ParOldGen       total 32256K, used 616K [0x00000000c2c00000, 0x00000000c4b80000, 0x00000000eb980000)
  object space 32256K, 1% used [0x00000000c2c00000,0x00000000c2c9a158,0x00000000c4b80000)
 Metaspace       used 4840K, capacity 4940K, committed 4992K, reserved 1058816K
  class space    used 549K, capacity 625K, committed 640K, reserved 1048576K
}

